[12:14:05] [main/INFO] (Quilt Loader/GameProvider) Loading Minecraft 1.19 with Quilt Loader 0.17.0
[12:14:05] [main/INFO] (Quilt Loader) Loading 63 mods:
	- frameapi 1.0.0+1.19
	- java 17
	- minecraft 1.19
	- quilt_advancement 2.0.0-beta.12+1.19
	- quilt_base 2.0.0-beta.12+1.19
	- quilt_biome 2.0.0-beta.12+1.19
	- quilt_block_entity 2.0.0-beta.12+1.19
	- quilt_block_extensions 2.0.0-beta.12+1.19
	- quilt_client_command 2.0.0-beta.12+1.19
	- quilt_command 2.0.0-beta.12+1.19
	- quilt_crash_info 2.0.0-beta.12+1.19
	- quilt_dimension 2.0.0-beta.12+1.19
	- quilt_item_group 2.0.0-beta.12+1.19
	- quilt_item_setting 2.0.0-beta.12+1.19
	- quilt_lifecycle_events 2.0.0-beta.12+1.19
	- quilt_loader 0.17.0
	- quilt_networking 2.0.0-beta.12+1.19
	- quilt_recipe 2.0.0-beta.12+1.19
	- quilt_registry 2.0.0-beta.12+1.19
	- quilt_registry_entry_attachments 2.0.0-beta.12+1.19
	- quilt_resource_loader 2.0.0-beta.12+1.19
	- quilt_screen 2.0.0-beta.12+1.19
	- quilt_tags 2.0.0-beta.12+1.19
	- quilt_tooltip 2.0.0-beta.12+1.19
	- quilted_fabric_api 2.0.0-beta.5+0.57.0-1.19
	- quilted_fabric_api_base 2.0.0-beta.5+0.57.0-1.19
	- quilted_fabric_api_lookup_api_v1 2.0.0-beta.5+0.57.0-1.19
	- quilted_fabric_biome_api_v1 2.0.0-beta.5+0.57.0-1.19
	- quilted_fabric_blockrenderlayer_v1 2.0.0-beta.5+0.57.0-1.19
	- quilted_fabric_command_api_v2 2.0.0-beta.5+0.57.0-1.19
	- quilted_fabric_content_registries_v0 2.0.0-beta.5+0.57.0-1.19
	- quilted_fabric_convention_tags_api_v1 2.0.0-beta.5+0.57.0-1.19
	- quilted_fabric_crash_report_info_v1 2.0.0-beta.5+0.57.0-1.19
	- quilted_fabric_data_generation_api_v1 2.0.0-beta.5+0.57.0-1.19
	- quilted_fabric_dimensions_v1 2.0.0-beta.5+0.57.0-1.19
	- quilted_fabric_entity_events_v1 2.0.0-beta.5+0.57.0-1.19
	- quilted_fabric_events_interaction_v0 2.0.0-beta.5+0.57.0-1.19
	- quilted_fabric_game_rule_api_v1 2.0.0-beta.5+0.57.0-1.19
	- quilted_fabric_gametest_api_v1 2.0.0-beta.5+0.57.0-1.19
	- quilted_fabric_item_api_v1 2.0.0-beta.5+0.57.0-1.19
	- quilted_fabric_item_groups_v0 2.0.0-beta.5+0.57.0-1.19
	- quilted_fabric_key_binding_api_v1 2.0.0-beta.5+0.57.0-1.19
	- quilted_fabric_lifecycle_events_v1 2.0.0-beta.5+0.57.0-1.19
	- quilted_fabric_loot_api_v2 2.0.0-beta.5+0.57.0-1.19
	- quilted_fabric_message_api_v1 2.0.0-beta.5+0.57.0-1.19
	- quilted_fabric_mining_level_api_v1 2.0.0-beta.5+0.57.0-1.19
	- quilted_fabric_models_v0 2.0.0-beta.5+0.57.0-1.19
	- quilted_fabric_networking_api_v1 2.0.0-beta.5+0.57.0-1.19
	- quilted_fabric_object_builder_api_v1 2.0.0-beta.5+0.57.0-1.19
	- quilted_fabric_particles_v1 2.0.0-beta.5+0.57.0-1.19
	- quilted_fabric_registry_sync_v0 2.0.0-beta.5+0.57.0-1.19
	- quilted_fabric_renderer_api_v1 2.0.0-beta.5+0.57.0-1.19
	- quilted_fabric_renderer_indigo 2.0.0-beta.5+0.57.0-1.19
	- quilted_fabric_rendering_data_attachment_v1 2.0.0-beta.5+0.57.0-1.19
	- quilted_fabric_rendering_fluids_v1 2.0.0-beta.5+0.57.0-1.19
	- quilted_fabric_rendering_v1 2.0.0-beta.5+0.57.0-1.19
	- quilted_fabric_resource_conditions_api_v1 2.0.0-beta.5+0.57.0-1.19
	- quilted_fabric_resource_loader_v0 2.0.0-beta.5+0.57.0-1.19
	- quilted_fabric_screen_api_v1 2.0.0-beta.5+0.57.0-1.19
	- quilted_fabric_screen_handler_api_v1 2.0.0-beta.5+0.57.0-1.19
	- quilted_fabric_textures_v0 2.0.0-beta.5+0.57.0-1.19
	- quilted_fabric_transfer_api_v1 2.0.0-beta.5+0.57.0-1.19
	- quilted_fabric_transitive_access_wideners_v1 2.0.0-beta.5+0.57.0-1.19
[12:14:06] [main/INFO] (Quilt Loader/Mixin) SpongePowered MIXIN Subsystem Version=0.8.5 Source=file:/home/jwg/.gradle/caches/modules-2/files-2.1/net.fabricmc/sponge-mixin/0.11.2+mixin.0.8.5/f4ae569d559b5e3244b67321945261d83ff7ad8e/sponge-mixin-0.11.2+mixin.0.8.5.jar Service=Knot/Quilt Env=CLIENT
[12:14:06] [main/INFO] (Quilt Loader/Mixin) Loaded Quilt development mappings for mixin remapper!
[12:14:06] [main/INFO] (Quilt Loader/Mixin) Compatibility level set to JAVA_17
[12:14:11] [main/INFO] (Minecraft) Building optimized datafixer
[12:14:15] [main/INFO] (Initializer) [Quilt Command] Networking support is enabled
[12:14:15] [main/INFO] (Frame-API) JWG's Multiblock Frame API has started initializing!
[12:14:16] [Render thread/INFO] (Minecraft) Environment: authHost='https://authserver.mojang.com', accountsHost='https://api.mojang.com', sessionHost='https://sessionserver.mojang.com', servicesHost='https://api.minecraftservices.com', name='PROD'
[12:14:17] [Render thread/ERROR] (Minecraft) Failed to verify authentication
com.mojang.authlib.exceptions.InvalidCredentialsException: Status: 401
	at com.mojang.authlib.exceptions.MinecraftClientHttpException.toAuthenticationException(MinecraftClientHttpException.java:56) ~[authlib-3.5.41.jar:?]
	at com.mojang.authlib.yggdrasil.YggdrasilUserApiService.fetchProperties(YggdrasilUserApiService.java:140) ~[authlib-3.5.41.jar:?]
	at com.mojang.authlib.yggdrasil.YggdrasilUserApiService.<init>(YggdrasilUserApiService.java:47) ~[authlib-3.5.41.jar:?]
	at com.mojang.authlib.yggdrasil.YggdrasilAuthenticationService.createUserApiService(YggdrasilAuthenticationService.java:158) ~[authlib-3.5.41.jar:?]
	at net.minecraft.client.MinecraftClient.createUserApiService(MinecraftClient.java:677) [minecraft-project-@-merged-named.jar:?]
	at net.minecraft.client.MinecraftClient.<init>(MinecraftClient.java:415) [minecraft-project-@-merged-named.jar:?]
	at net.minecraft.client.main.Main.main(Main.java:198) [minecraft-project-@-merged-named.jar:?]
	at jdk.internal.reflect.NativeMethodAccessorImpl.invoke0(Native Method) ~[?:?]
	at jdk.internal.reflect.NativeMethodAccessorImpl.invoke(NativeMethodAccessorImpl.java:77) ~[?:?]
	at jdk.internal.reflect.DelegatingMethodAccessorImpl.invoke(DelegatingMethodAccessorImpl.java:43) ~[?:?]
	at java.lang.reflect.Method.invoke(Method.java:568) ~[?:?]
	at org.quiltmc.loader.impl.game.minecraft.MinecraftGameProvider.launch(MinecraftGameProvider.java:423) [quilt-loader-0.17.0.jar:?]
	at org.quiltmc.loader.impl.launch.knot.Knot.launch(Knot.java:76) [quilt-loader-0.17.0.jar:?]
	at org.quiltmc.loader.impl.launch.knot.KnotClient.main(KnotClient.java:24) [quilt-loader-0.17.0.jar:?]
	at net.fabricmc.devlaunchinjector.Main.main(Main.java:86) [dev-launch-injector-0.2.1+build.8.jar:?]
Caused by: com.mojang.authlib.exceptions.MinecraftClientHttpException: Status: 401
	at com.mojang.authlib.minecraft.client.MinecraftClient.readInputStream(MinecraftClient.java:85) ~[authlib-3.5.41.jar:?]
	at com.mojang.authlib.minecraft.client.MinecraftClient.get(MinecraftClient.java:48) ~[authlib-3.5.41.jar:?]
	at com.mojang.authlib.yggdrasil.YggdrasilUserApiService.fetchProperties(YggdrasilUserApiService.java:121) ~[authlib-3.5.41.jar:?]
	... 13 more
[12:14:17] [Render thread/INFO] (Minecraft) Setting user: Player325
[12:14:17] [Render thread/INFO] (Indigo) [Indigo] Registering Indigo renderer!
[12:14:18] [Render thread/INFO] (ClientInitializer) [Quilt Command|Client] Networking support is enabled
[12:14:18] [Render thread/INFO] (Minecraft) Backend library: LWJGL version 3.3.1 build 7
[12:14:21] [Render thread/WARN] (Minecraft) ERROR : Couldn't load Narrator library
java.lang.UnsatisfiedLinkError: libflite.so.1: cannot open shared object file: No such file or directory
	at com.sun.jna.Native.open(Native Method) ~[jna-5.10.0.jar:5.10.0 (b0)]
	at com.sun.jna.NativeLibrary.loadLibrary(NativeLibrary.java:277) ~[jna-5.10.0.jar:5.10.0 (b0)]
	at com.sun.jna.NativeLibrary.getInstance(NativeLibrary.java:461) ~[jna-5.10.0.jar:5.10.0 (b0)]
	at com.sun.jna.NativeLibrary.getInstance(NativeLibrary.java:403) ~[jna-5.10.0.jar:5.10.0 (b0)]
	at com.mojang.text2speech.NarratorLinux.<clinit>(NarratorLinux.java:18) [text2speech-1.13.9.jar:?]
	at com.mojang.text2speech.Narrator.getNarrator(Narrator.java:21) [text2speech-1.13.9.jar:?]
	at net.minecraft.client.util.NarratorManager.<init>(NarratorManager.java:26) [minecraft-project-@-merged-named.jar:?]
	at net.minecraft.client.util.NarratorManager.<clinit>(NarratorManager.java:24) [minecraft-project-@-merged-named.jar:?]
	at net.minecraft.client.gui.hud.InGameHud.<init>(InGameHud.java:161) [minecraft-project-@-merged-named.jar:?]
	at net.minecraft.client.MinecraftClient.<init>(MinecraftClient.java:586) [minecraft-project-@-merged-named.jar:?]
	at net.minecraft.client.main.Main.main(Main.java:198) [minecraft-project-@-merged-named.jar:?]
	at jdk.internal.reflect.NativeMethodAccessorImpl.invoke0(Native Method) ~[?:?]
	at jdk.internal.reflect.NativeMethodAccessorImpl.invoke(NativeMethodAccessorImpl.java:77) ~[?:?]
	at jdk.internal.reflect.DelegatingMethodAccessorImpl.invoke(DelegatingMethodAccessorImpl.java:43) ~[?:?]
	at java.lang.reflect.Method.invoke(Method.java:568) ~[?:?]
	at org.quiltmc.loader.impl.game.minecraft.MinecraftGameProvider.launch(MinecraftGameProvider.java:423) [quilt-loader-0.17.0.jar:?]
	at org.quiltmc.loader.impl.launch.knot.Knot.launch(Knot.java:76) [quilt-loader-0.17.0.jar:?]
	at org.quiltmc.loader.impl.launch.knot.KnotClient.main(KnotClient.java:24) [quilt-loader-0.17.0.jar:?]
	at net.fabricmc.devlaunchinjector.Main.main(Main.java:86) [dev-launch-injector-0.2.1+build.8.jar:?]
[12:14:21] [Worker-Main-4/ERROR] (Minecraft) Failed to retrieve profile key pair
java.io.IOException: Could not retrieve profile key pair
	at net.minecraft.class_7434.method_43605(class_7434.java:112) ~[minecraft-project-@-merged-named.jar:?]
	at net.minecraft.class_7434.method_44291(class_7434.java:56) ~[minecraft-project-@-merged-named.jar:?]
	at java.util.concurrent.CompletableFuture$AsyncSupply.run(CompletableFuture.java:1768) [?:?]
	at java.util.concurrent.CompletableFuture$AsyncSupply.exec(CompletableFuture.java:1760) [?:?]
	at java.util.concurrent.ForkJoinTask.doExec(ForkJoinTask.java:373) [?:?]
	at java.util.concurrent.ForkJoinPool$WorkQueue.topLevelExec(ForkJoinPool.java:1182) [?:?]
	at java.util.concurrent.ForkJoinPool.scan(ForkJoinPool.java:1655) [?:?]
	at java.util.concurrent.ForkJoinPool.runWorker(ForkJoinPool.java:1622) [?:?]
	at java.util.concurrent.ForkJoinWorkerThread.run(ForkJoinWorkerThread.java:165) [?:?]
[12:14:22] [Render thread/INFO] (Minecraft) Reloading ResourceManager: Default (Quilt Tooltip API, Quilted Fabric Screen API (v1), Quilted Fabric API Base, Quilted Fabric Resource Loader (v0), Quilt Lifecycle Events, Quilted Fabric Object Builder API (v1), Quilted Fabric Game Test API (v1), Quilted Fabric Screen Handler API (v1), Quilted Fabric Entity Events (v1), Quilted Fabric Game Rule API (v1), Quilted Fabric Data Generation API (v1), Quilt Dimension API, Quilted Fabric Textures (v0), Quilt Registry Entry Attachments, Quilt Item Setting API, Quilted Fabric Lifecycle Events (v1), Quilted Fabric Rendering Fluids (v1), Quilted Fabric Item Groups (v0), Quilted Fabric Networking API (v1), Quilted Fabric Mining Level API (v1), Quilted Fabric Transitive Access Wideners (v1), Quilt Block Extensions API, Quilt Networking, Quilt Loader, Quilted Fabric Registry Sync (v0), Quilted Fabric Key Binding API (v1), Quilt Recipe API, Quilted Fabric Rendering (v1), Quilted Fabric Crash Report Info (v1), Quilt Command API, Quilt Tags API, Quilt Base API, Quilted Fabric Renderer - Indigo, Quilted Fabric Biome API (v1), Quilted Fabric Models (v0), Quilted Fabric API Lookup API (v1), Quilted Fabric Convention Tags API (v1), Quilted Fabric Transfer API (v1), Quilted Fabric BlockRenderLayer Registration (v1), Quilt Registry API, Quilted Fabric Particles (v1), Quilt Biome API, Quilt Block Entity API, Quilted Fabric Renderer API (v1), Quilt Advancement API, Quilted Fabric Command API (v2), Quilt Item Group API, Quilted Fabric Resource Conditions API (v1), Quilted Fabric API, Quilt Crash Info, Quilted Fabric Message API (v1), Quilted Fabric Item API (v1), Quilted Fabric Events Interaction (v0), Quilted Fabric Loot API (v2), Quilted Fabric Content Registries (v0), Quilt Resource Loader, Quilted Fabric Dimensions API (v1), Quilt Screen API, Quilt Client Command API, Quilted Fabric Rendering Data Attachment (v1))
[12:14:22] [Realms Notification Availability checker #1/INFO] (Minecraft) Could not authorize you against Realms server: Invalid session id
[12:14:29] [Render thread/WARN] (Minecraft) Missing sound for event: minecraft:item.goat_horn.play
[12:14:29] [Render thread/WARN] (Minecraft) Missing sound for event: minecraft:entity.goat.screaming.horn_break
[12:14:29] [Render thread/INFO] (Minecraft) OpenAL initialized on device JACK Default
[12:14:29] [Render thread/INFO] (Minecraft) Sound engine started
[12:14:30] [Render thread/INFO] (Minecraft) Created: 1024x1024x4 minecraft:textures/atlas/blocks.png-atlas
[12:14:30] [Render thread/INFO] (Minecraft) Created: 256x128x4 minecraft:textures/atlas/signs.png-atlas
[12:14:30] [Render thread/INFO] (Minecraft) Created: 1024x512x4 minecraft:textures/atlas/banner_patterns.png-atlas
[12:14:30] [Render thread/INFO] (Minecraft) Created: 1024x512x4 minecraft:textures/atlas/shield_patterns.png-atlas
[12:14:30] [Render thread/INFO] (Minecraft) Created: 256x256x4 minecraft:textures/atlas/chest.png-atlas
[12:14:30] [Render thread/INFO] (Minecraft) Created: 512x256x4 minecraft:textures/atlas/beds.png-atlas
[12:14:30] [Render thread/INFO] (Minecraft) Created: 512x256x4 minecraft:textures/atlas/shulker_boxes.png-atlas
[12:14:33] [Render thread/WARN] (Minecraft) Shader rendertype_entity_translucent_emissive could not find sampler named Sampler2 in the specified shader program.
[12:14:34] [Render thread/INFO] (Minecraft) Created: 512x256x0 minecraft:textures/atlas/particles.png-atlas
[12:14:34] [Render thread/INFO] (Minecraft) Created: 256x256x0 minecraft:textures/atlas/paintings.png-atlas
[12:14:34] [Render thread/INFO] (Minecraft) Created: 256x128x0 minecraft:textures/atlas/mob_effects.png-atlas
[12:14:34] [Render thread/INFO] (Minecraft) Stopping!
